0 info it worked if it ends with ok
1 verbose cli [ '/usr/local/bin/node',
1 verbose cli   '/usr/local/bin/npm',
1 verbose cli   'publish',
1 verbose cli   '0.0.2' ]
2 info using npm@3.3.12
3 info using node@v5.4.0
4 verbose publish [ '0.0.2' ]
5 silly cache add args [ '0.0.2', null ]
6 verbose cache add spec 0.0.2
7 silly cache add parsed spec Result {
7 silly cache add   raw: '0.0.2',
7 silly cache add   scope: null,
7 silly cache add   name: '0.0.2',
7 silly cache add   rawSpec: '',
7 silly cache add   spec: '*',
7 silly cache add   type: 'range' }
8 silly addNamed 0.0.2@*
9 verbose addNamed "*" is a valid semver range for 0.0.2
10 silly addNameRange { name: '0.0.2', range: '*', hasData: false }
11 silly mapToRegistry name 0.0.2
12 silly mapToRegistry using default registry
13 silly mapToRegistry registry http://registry.npmjs.org/
14 silly mapToRegistry uri http://registry.npmjs.org/0.0.2
15 verbose addNameRange registry:http://registry.npmjs.org/0.0.2 not in flight; fetching
16 verbose request uri http://registry.npmjs.org/0.0.2
17 verbose request no auth needed
18 info attempt registry request try #1 at 14:37:37
19 verbose request using bearer token for auth
20 verbose request id 58994bac408aee0c
21 http request GET http://registry.npmjs.org/0.0.2
22 http 404 http://registry.npmjs.org/0.0.2
23 verbose headers { 'content-type': 'application/json',
23 verbose headers   'cache-control': 'max-age=0',
23 verbose headers   'content-length': '2',
23 verbose headers   'accept-ranges': 'bytes',
23 verbose headers   date: 'Thu, 14 Jan 2016 06:37:38 GMT',
23 verbose headers   via: '1.1 varnish',
23 verbose headers   connection: 'keep-alive',
23 verbose headers   'x-served-by': 'cache-nrt6123-NRT',
23 verbose headers   'x-cache': 'MISS',
23 verbose headers   'x-cache-hits': '0',
23 verbose headers   'x-timer': 'S1452753457.600715,VS0,VE693' }
24 silly get cb [ 404,
24 silly get   { 'content-type': 'application/json',
24 silly get     'cache-control': 'max-age=0',
24 silly get     'content-length': '2',
24 silly get     'accept-ranges': 'bytes',
24 silly get     date: 'Thu, 14 Jan 2016 06:37:38 GMT',
24 silly get     via: '1.1 varnish',
24 silly get     connection: 'keep-alive',
24 silly get     'x-served-by': 'cache-nrt6123-NRT',
24 silly get     'x-cache': 'MISS',
24 silly get     'x-cache-hits': '0',
24 silly get     'x-timer': 'S1452753457.600715,VS0,VE693' } ]
25 verbose stack Error: Registry returned 404 for GET on http://registry.npmjs.org/0.0.2
25 verbose stack     at makeError (/usr/local/lib/node_modules/npm/node_modules/npm-registry-client/lib/request.js:264:12)
25 verbose stack     at CachingRegistryClient.<anonymous> (/usr/local/lib/node_modules/npm/node_modules/npm-registry-client/lib/request.js:242:14)
25 verbose stack     at Request._callback (/usr/local/lib/node_modules/npm/node_modules/npm-registry-client/lib/request.js:172:14)
25 verbose stack     at Request.self.callback (/usr/local/lib/node_modules/npm/node_modules/request/request.js:198:22)
25 verbose stack     at emitTwo (events.js:87:13)
25 verbose stack     at Request.emit (events.js:172:7)
25 verbose stack     at Request.<anonymous> (/usr/local/lib/node_modules/npm/node_modules/request/request.js:1082:10)
25 verbose stack     at emitOne (events.js:82:20)
25 verbose stack     at Request.emit (events.js:169:7)
25 verbose stack     at IncomingMessage.<anonymous> (/usr/local/lib/node_modules/npm/node_modules/request/request.js:1009:12)
26 verbose statusCode 404
27 verbose pkgid 0.0.2
28 verbose cwd /Users/ransixi/Documents/NodeJs/rm-npm
29 error Darwin 15.2.0
30 error argv "/usr/local/bin/node" "/usr/local/bin/npm" "publish" "0.0.2"
31 error node v5.4.0
32 error npm  v3.3.12
33 error code E404
34 error 404 Registry returned 404 for GET on http://registry.npmjs.org/0.0.2
34 error 404
34 error 404 '0.0.2' is not in the npm registry.
34 error 404 You should bug the author to publish it (or use the name yourself!)
34 error 404
34 error 404 Note that you can also install from a
34 error 404 tarball, folder, http url, or git url.
35 verbose exit [ 1, true ]
